TN:
SF:01-requestcount.js
FN:23,requestCountMiddleware
FNF:1
FNH:1
FNDA:12,requestCountMiddleware
DA:1,1
DA:2,1
DA:3,1
DA:4,1
DA:5,1
DA:6,1
DA:7,1
DA:8,1
DA:9,1
DA:10,1
DA:11,1
DA:12,1
DA:13,1
DA:14,1
DA:15,1
DA:16,1
DA:17,1
DA:18,1
DA:19,1
DA:20,1
DA:21,1
DA:22,1
DA:23,12
DA:24,12
DA:25,12
DA:26,12
DA:27,12
DA:28,12
DA:29,12
DA:30,1
DA:31,1
DA:32,1
DA:33,1
DA:34,10
DA:35,10
DA:36,10
DA:37,1
DA:38,1
DA:39,1
DA:40,1
DA:41,1
DA:42,0
DA:43,0
DA:44,0
DA:45,1
DA:46,1
DA:47,1
DA:48,1
DA:49,1
DA:50,2
DA:51,2
DA:52,2
DA:53,1
DA:54,1
DA:55,1
DA:56,1
DA:57,1
LF:57
LH:54
BRDA:23,0,0,12
BRDA:33,1,0,10
BRDA:49,2,0,2
BRF:3
BRH:3
end_of_record
TN:
SF:02-ratelimitter.js
FN:35,rateLimitterMiddleware
FNF:1
FNH:1
FNDA:13,rateLimitterMiddleware
DA:1,1
DA:2,1
DA:3,1
DA:4,1
DA:5,1
DA:6,1
DA:7,1
DA:8,1
DA:9,1
DA:10,1
DA:11,1
DA:12,1
DA:13,1
DA:14,1
DA:15,1
DA:16,1
DA:17,1
DA:18,1
DA:19,1
DA:20,1
DA:21,1
DA:22,1
DA:23,1
DA:24,1
DA:25,1
DA:26,1
DA:27,1
DA:28,1
DA:29,1
DA:30,8
DA:31,8
DA:32,8
DA:33,1
DA:34,1
DA:35,13
DA:36,13
DA:37,13
DA:38,9
DA:39,9
DA:40,0
DA:41,0
DA:42,0
DA:43,9
DA:44,9
DA:45,9
DA:46,9
DA:47,9
DA:48,9
DA:49,13
DA:50,4
DA:51,4
DA:52,4
DA:53,4
DA:54,13
DA:55,13
DA:56,13
DA:57,13
DA:58,1
DA:59,1
DA:60,1
DA:61,1
DA:62,13
DA:63,13
DA:64,13
DA:65,1
DA:66,1
DA:67,1
DA:68,1
DA:69,1
DA:70,0
DA:71,0
DA:72,0
DA:73,1
DA:74,1
DA:75,1
DA:76,1
DA:77,1
LF:77
LH:71
BRDA:29,0,0,8
BRDA:35,1,0,13
BRDA:37,2,0,9
BRDA:39,3,0,0
BRDA:49,4,0,4
BRDA:61,5,0,13
BRF:6
BRH:5
end_of_record
TN:
SF:03-errorcount.js
FNF:0
FNH:0
DA:1,1
DA:2,1
DA:3,1
DA:4,1
DA:5,1
DA:6,1
DA:7,1
DA:8,1
DA:9,1
DA:10,1
DA:11,1
DA:12,1
DA:13,1
DA:14,11
DA:15,0
DA:16,1
DA:17,1
DA:18,1
DA:19,0
DA:20,1
DA:21,1
DA:22,1
DA:23,2
DA:24,1
DA:25,1
DA:26,0
DA:27,0
DA:28,1
DA:29,1
DA:30,1
LF:30
LH:26
BRDA:13,0,0,11
BRDA:14,1,0,0
BRDA:22,2,0,2
BRF:3
BRH:2
end_of_record
